<?xml version="1.0" encoding="UTF-8"?>
<testng-results skipped="0" failed="0" total="2" passed="2">
  <reporter-output>
  </reporter-output>
  <suite name="Default suite" duration-ms="19355" started-at="2022-06-19T17:10:33Z" finished-at="2022-06-19T17:10:52Z">
    <groups>
    </groups>
    <test name="Default test" duration-ms="19355" started-at="2022-06-19T17:10:33Z" finished-at="2022-06-19T17:10:52Z">
      <class name="sauceDemoTests.loginvalidation">
        <test-method status="PASS" signature="startTest()[pri:0, instance:sauceDemoTests.loginvalidation@23986957]" name="startTest" is-config="true" duration-ms="1834" started-at="2022-06-19T13:10:33Z" finished-at="2022-06-19T13:10:35Z">
          <reporter-output>
          </reporter-output>
        </test-method> <!-- startTest -->
        <test-method status="PASS" signature="bforeeachTest()[pri:0, instance:sauceDemoTests.loginvalidation@23986957]" name="bforeeachTest" is-config="true" duration-ms="89" started-at="2022-06-19T13:10:35Z" finished-at="2022-06-19T13:10:35Z">
          <reporter-output>
          </reporter-output>
        </test-method> <!-- bforeeachTest -->
        <test-method status="PASS" signature="successfulLogin()[pri:1, instance:sauceDemoTests.loginvalidation@23986957]" name="successfulLogin" duration-ms="12251" started-at="2022-06-19T13:10:35Z" finished-at="2022-06-19T13:10:47Z">
          <reporter-output>
          </reporter-output>
        </test-method> <!-- successfulLogin -->
        <test-method status="PASS" signature="bforeeachTest()[pri:0, instance:sauceDemoTests.loginvalidation@23986957]" name="bforeeachTest" is-config="true" duration-ms="79" started-at="2022-06-19T13:10:47Z" finished-at="2022-06-19T13:10:47Z">
          <reporter-output>
          </reporter-output>
        </test-method> <!-- bforeeachTest -->
        <test-method status="PASS" signature="unsuccessfulLogin()[pri:2, instance:sauceDemoTests.loginvalidation@23986957]" name="unsuccessfulLogin" duration-ms="2247" started-at="2022-06-19T13:10:47Z" finished-at="2022-06-19T13:10:50Z">
          <reporter-output>
          </reporter-output>
        </test-method> <!-- unsuccessfulLogin -->
        <test-method status="PASS" signature="endtest()[pri:0, instance:sauceDemoTests.loginvalidation@23986957]" name="endtest" is-config="true" duration-ms="2841" started-at="2022-06-19T13:10:50Z" finished-at="2022-06-19T13:10:52Z">
          <reporter-output>
          </reporter-output>
        </test-method> <!-- endtest -->
      </class> <!-- sauceDemoTests.loginvalidation -->
    </test> <!-- Default test -->
  </suite> <!-- Default suite -->
</testng-results>
