<?xml version="1.0" encoding="UTF-8"?>
<testng-results skipped="0" failed="0" total="1" passed="1">
  <reporter-output>
  </reporter-output>
  <suite name="Default suite" duration-ms="16" started-at="2022-06-11T18:01:54Z" finished-at="2022-06-11T18:01:54Z">
    <groups>
    </groups>
    <test name="Default test" duration-ms="16" started-at="2022-06-11T18:01:54Z" finished-at="2022-06-11T18:01:54Z">
      <class name="Templates.NGTemplateOne">
        <test-method status="PASS" signature="startTest()[pri:0, instance:Templates.NGTemplateOne@7995092a]" name="startTest" is-config="true" duration-ms="4" started-at="2022-06-11T14:01:54Z" finished-at="2022-06-11T14:01:54Z">
          <reporter-output>
          </reporter-output>
        </test-method> <!-- startTest -->
        <test-method status="PASS" signature="mainTest()[pri:0, instance:Templates.NGTemplateOne@7995092a]" name="mainTest" duration-ms="5" started-at="2022-06-11T14:01:54Z" finished-at="2022-06-11T14:01:54Z">
          <reporter-output>
          </reporter-output>
        </test-method> <!-- mainTest -->
        <test-method status="PASS" signature="endTest()[pri:0, instance:Templates.NGTemplateOne@7995092a]" name="endTest" is-config="true" duration-ms="0" started-at="2022-06-11T14:01:54Z" finished-at="2022-06-11T14:01:54Z">
          <reporter-output>
          </reporter-output>
        </test-method> <!-- endTest -->
      </class> <!-- Templates.NGTemplateOne -->
    </test> <!-- Default test -->
  </suite> <!-- Default suite -->
</testng-results>
