<?xml version="1.0" encoding="UTF-8"?>
<testng-results skipped="0" failed="0" total="7" passed="7">
  <reporter-output>
    <line>
      <![CDATA[Standard user successul login scenario]]>
    </line>
    <line>
      <![CDATA[Standard user successul login scenario]]>
    </line>
    <line>
      <![CDATA[Standard user successul login scenario]]>
    </line>
    <line>
      <![CDATA[Standard user successul login scenario]]>
    </line>
    <line>
      <![CDATA[Standard user successul login scenario]]>
    </line>
    <line>
      <![CDATA[Standard user successul login scenario]]>
    </line>
    <line>
      <![CDATA[Standard user successul login scenario]]>
    </line>
  </reporter-output>
  <suite name="Data Driven Testing" duration-ms="37671" started-at="2022-06-12T17:40:00Z" finished-at="2022-06-12T17:40:38Z">
    <groups>
    </groups>
    <test name="standard user test" duration-ms="5325" started-at="2022-06-12T17:40:00Z" finished-at="2022-06-12T17:40:05Z">
      <class name="sauceDemoTests.loginDataDriven">
        <test-method status="PASS" signature="startTest()[pri:0, instance:sauceDemoTests.loginDataDriven@32d992b2]" name="startTest" is-config="true" duration-ms="2053" started-at="2022-06-12T13:40:00Z" finished-at="2022-06-12T13:40:02Z">
          <reporter-output>
          </reporter-output>
        </test-method> <!-- startTest -->
        <test-method status="PASS" signature="LoginDataTest(java.lang.String, java.lang.String, java.lang.String)[pri:0, instance:sauceDemoTests.loginDataDriven@32d992b2]" name="LoginDataTest" duration-ms="1395" started-at="2022-06-12T13:40:02Z" finished-at="2022-06-12T13:40:04Z">
          <params>
            <param index="0">
              <value>
                <![CDATA[standard_user]]>
              </value>
            </param>
            <param index="1">
              <value>
                <![CDATA[secret_sauce]]>
              </value>
            </param>
            <param index="2">
              <value>
                <![CDATA[https://www.saucedemo.com/inventory.html]]>
              </value>
            </param>
          </params>
          <reporter-output>
            <line>
              <![CDATA[Standard user successul login scenario]]>
            </line>
          </reporter-output>
        </test-method> <!-- LoginDataTest -->
        <test-method status="PASS" signature="endtest()[pri:0, instance:sauceDemoTests.loginDataDriven@32d992b2]" name="endtest" is-config="true" duration-ms="1864" started-at="2022-06-12T13:40:04Z" finished-at="2022-06-12T13:40:05Z">
          <reporter-output>
          </reporter-output>
        </test-method> <!-- endtest -->
      </class> <!-- sauceDemoTests.loginDataDriven -->
    </test> <!-- standard user test -->
    <test name="Locked user test" duration-ms="4475" started-at="2022-06-12T17:40:06Z" finished-at="2022-06-12T17:40:10Z">
      <class name="sauceDemoTests.loginDataDriven">
        <test-method status="PASS" signature="startTest()[pri:0, instance:sauceDemoTests.loginDataDriven@1753acfe]" name="startTest" is-config="true" duration-ms="1435" started-at="2022-06-12T13:40:06Z" finished-at="2022-06-12T13:40:07Z">
          <reporter-output>
          </reporter-output>
        </test-method> <!-- startTest -->
        <test-method status="PASS" signature="LoginDataTest(java.lang.String, java.lang.String, java.lang.String)[pri:0, instance:sauceDemoTests.loginDataDriven@1753acfe]" name="LoginDataTest" duration-ms="1278" started-at="2022-06-12T13:40:07Z" finished-at="2022-06-12T13:40:08Z">
          <params>
            <param index="0">
              <value>
                <![CDATA[locked_out_user]]>
              </value>
            </param>
            <param index="1">
              <value>
                <![CDATA[secret_sauce]]>
              </value>
            </param>
            <param index="2">
              <value>
                <![CDATA[https://www.saucedemo.com/]]>
              </value>
            </param>
          </params>
          <reporter-output>
            <line>
              <![CDATA[Standard user successul login scenario]]>
            </line>
          </reporter-output>
        </test-method> <!-- LoginDataTest -->
        <test-method status="PASS" signature="endtest()[pri:0, instance:sauceDemoTests.loginDataDriven@1753acfe]" name="endtest" is-config="true" duration-ms="1760" started-at="2022-06-12T13:40:08Z" finished-at="2022-06-12T13:40:10Z">
          <reporter-output>
          </reporter-output>
        </test-method> <!-- endtest -->
      </class> <!-- sauceDemoTests.loginDataDriven -->
    </test> <!-- Locked user test -->
    <test name="performance glitch user test" duration-ms="9736" started-at="2022-06-12T17:40:10Z" finished-at="2022-06-12T17:40:20Z">
      <class name="sauceDemoTests.loginDataDriven">
        <test-method status="PASS" signature="startTest()[pri:0, instance:sauceDemoTests.loginDataDriven@675d3402]" name="startTest" is-config="true" duration-ms="1484" started-at="2022-06-12T13:40:10Z" finished-at="2022-06-12T13:40:11Z">
          <reporter-output>
          </reporter-output>
        </test-method> <!-- startTest -->
        <test-method status="PASS" signature="LoginDataTest(java.lang.String, java.lang.String, java.lang.String)[pri:0, instance:sauceDemoTests.loginDataDriven@675d3402]" name="LoginDataTest" duration-ms="6434" started-at="2022-06-12T13:40:11Z" finished-at="2022-06-12T13:40:18Z">
          <params>
            <param index="0">
              <value>
                <![CDATA[performance_glitch_user]]>
              </value>
            </param>
            <param index="1">
              <value>
                <![CDATA[secret_sauce]]>
              </value>
            </param>
            <param index="2">
              <value>
                <![CDATA[https://www.saucedemo.com/inventory.html]]>
              </value>
            </param>
          </params>
          <reporter-output>
            <line>
              <![CDATA[Standard user successul login scenario]]>
            </line>
          </reporter-output>
        </test-method> <!-- LoginDataTest -->
        <test-method status="PASS" signature="endtest()[pri:0, instance:sauceDemoTests.loginDataDriven@675d3402]" name="endtest" is-config="true" duration-ms="1816" started-at="2022-06-12T13:40:18Z" finished-at="2022-06-12T13:40:20Z">
          <reporter-output>
          </reporter-output>
        </test-method> <!-- endtest -->
      </class> <!-- sauceDemoTests.loginDataDriven -->
    </test> <!-- performance glitch user test -->
    <test name="problem user test" duration-ms="4555" started-at="2022-06-12T17:40:20Z" finished-at="2022-06-12T17:40:24Z">
      <class name="sauceDemoTests.loginDataDriven">
        <test-method status="PASS" signature="startTest()[pri:0, instance:sauceDemoTests.loginDataDriven@457e2f02]" name="startTest" is-config="true" duration-ms="1478" started-at="2022-06-12T13:40:20Z" finished-at="2022-06-12T13:40:21Z">
          <reporter-output>
          </reporter-output>
        </test-method> <!-- startTest -->
        <test-method status="PASS" signature="LoginDataTest(java.lang.String, java.lang.String, java.lang.String)[pri:0, instance:sauceDemoTests.loginDataDriven@457e2f02]" name="LoginDataTest" duration-ms="1318" started-at="2022-06-12T13:40:21Z" finished-at="2022-06-12T13:40:23Z">
          <params>
            <param index="0">
              <value>
                <![CDATA[problem_user]]>
              </value>
            </param>
            <param index="1">
              <value>
                <![CDATA[secret_sauce]]>
              </value>
            </param>
            <param index="2">
              <value>
                <![CDATA[https://www.saucedemo.com/inventory.html]]>
              </value>
            </param>
          </params>
          <reporter-output>
            <line>
              <![CDATA[Standard user successul login scenario]]>
            </line>
          </reporter-output>
        </test-method> <!-- LoginDataTest -->
        <test-method status="PASS" signature="endtest()[pri:0, instance:sauceDemoTests.loginDataDriven@457e2f02]" name="endtest" is-config="true" duration-ms="1757" started-at="2022-06-12T13:40:23Z" finished-at="2022-06-12T13:40:24Z">
          <reporter-output>
          </reporter-output>
        </test-method> <!-- endtest -->
      </class> <!-- sauceDemoTests.loginDataDriven -->
    </test> <!-- problem user test -->
    <test name="invalide user date one" duration-ms="4512" started-at="2022-06-12T17:40:24Z" finished-at="2022-06-12T17:40:29Z">
      <class name="sauceDemoTests.loginDataDriven">
        <test-method status="PASS" signature="startTest()[pri:0, instance:sauceDemoTests.loginDataDriven@c038203]" name="startTest" is-config="true" duration-ms="1462" started-at="2022-06-12T13:40:24Z" finished-at="2022-06-12T13:40:26Z">
          <reporter-output>
          </reporter-output>
        </test-method> <!-- startTest -->
        <test-method status="PASS" signature="LoginDataTest(java.lang.String, java.lang.String, java.lang.String)[pri:0, instance:sauceDemoTests.loginDataDriven@c038203]" name="LoginDataTest" duration-ms="1270" started-at="2022-06-12T13:40:26Z" finished-at="2022-06-12T13:40:27Z">
          <params>
            <param index="0">
              <value>
                <![CDATA[abcd]]>
              </value>
            </param>
            <param index="1">
              <value>
                <![CDATA[secret_sauce]]>
              </value>
            </param>
            <param index="2">
              <value>
                <![CDATA[https://www.saucedemo.com/]]>
              </value>
            </param>
          </params>
          <reporter-output>
            <line>
              <![CDATA[Standard user successul login scenario]]>
            </line>
          </reporter-output>
        </test-method> <!-- LoginDataTest -->
        <test-method status="PASS" signature="endtest()[pri:0, instance:sauceDemoTests.loginDataDriven@c038203]" name="endtest" is-config="true" duration-ms="1779" started-at="2022-06-12T13:40:27Z" finished-at="2022-06-12T13:40:29Z">
          <reporter-output>
          </reporter-output>
        </test-method> <!-- endtest -->
      </class> <!-- sauceDemoTests.loginDataDriven -->
    </test> <!-- invalide user date one -->
    <test name="invalide user date two" duration-ms="4505" started-at="2022-06-12T17:40:29Z" finished-at="2022-06-12T17:40:33Z">
      <class name="sauceDemoTests.loginDataDriven">
        <test-method status="PASS" signature="startTest()[pri:0, instance:sauceDemoTests.loginDataDriven@2b98378d]" name="startTest" is-config="true" duration-ms="1456" started-at="2022-06-12T13:40:29Z" finished-at="2022-06-12T13:40:30Z">
          <reporter-output>
          </reporter-output>
        </test-method> <!-- startTest -->
        <test-method status="PASS" signature="LoginDataTest(java.lang.String, java.lang.String, java.lang.String)[pri:0, instance:sauceDemoTests.loginDataDriven@2b98378d]" name="LoginDataTest" duration-ms="1267" started-at="2022-06-12T13:40:30Z" finished-at="2022-06-12T13:40:32Z">
          <params>
            <param index="0">
              <value>
                <![CDATA[abcddsff]]>
              </value>
            </param>
            <param index="1">
              <value>
                <![CDATA[secret_sauce]]>
              </value>
            </param>
            <param index="2">
              <value>
                <![CDATA[https://www.saucedemo.com/]]>
              </value>
            </param>
          </params>
          <reporter-output>
            <line>
              <![CDATA[Standard user successul login scenario]]>
            </line>
          </reporter-output>
        </test-method> <!-- LoginDataTest -->
        <test-method status="PASS" signature="endtest()[pri:0, instance:sauceDemoTests.loginDataDriven@2b98378d]" name="endtest" is-config="true" duration-ms="1780" started-at="2022-06-12T13:40:32Z" finished-at="2022-06-12T13:40:33Z">
          <reporter-output>
          </reporter-output>
        </test-method> <!-- endtest -->
      </class> <!-- sauceDemoTests.loginDataDriven -->
    </test> <!-- invalide user date two -->
    <test name="invalide user date thredd" duration-ms="4525" started-at="2022-06-12T17:40:33Z" finished-at="2022-06-12T17:40:38Z">
      <class name="sauceDemoTests.loginDataDriven">
        <test-method status="PASS" signature="startTest()[pri:0, instance:sauceDemoTests.loginDataDriven@46d56d67]" name="startTest" is-config="true" duration-ms="1475" started-at="2022-06-12T13:40:33Z" finished-at="2022-06-12T13:40:35Z">
          <reporter-output>
          </reporter-output>
        </test-method> <!-- startTest -->
        <test-method status="PASS" signature="LoginDataTest(java.lang.String, java.lang.String, java.lang.String)[pri:0, instance:sauceDemoTests.loginDataDriven@46d56d67]" name="LoginDataTest" duration-ms="1254" started-at="2022-06-12T13:40:35Z" finished-at="2022-06-12T13:40:36Z">
          <params>
            <param index="0">
              <value>
                <![CDATA[ff]]>
              </value>
            </param>
            <param index="1">
              <value>
                <![CDATA[secret_sauce]]>
              </value>
            </param>
            <param index="2">
              <value>
                <![CDATA[https://www.saucedemo.com/]]>
              </value>
            </param>
          </params>
          <reporter-output>
            <line>
              <![CDATA[Standard user successul login scenario]]>
            </line>
          </reporter-output>
        </test-method> <!-- LoginDataTest -->
        <test-method status="PASS" signature="endtest()[pri:0, instance:sauceDemoTests.loginDataDriven@46d56d67]" name="endtest" is-config="true" duration-ms="1795" started-at="2022-06-12T13:40:36Z" finished-at="2022-06-12T13:40:38Z">
          <reporter-output>
          </reporter-output>
        </test-method> <!-- endtest -->
      </class> <!-- sauceDemoTests.loginDataDriven -->
    </test> <!-- invalide user date thredd -->
  </suite> <!-- Data Driven Testing -->
</testng-results>
