<?xml version="1.0" encoding="UTF-8"?>
<!-- Generated by org.testng.reporters.JUnitXMLReporter -->
<testsuite hostname="DESKTOP-E69K95O" name="Default test" tests="4" failures="0" timestamp="12 Jun 2022 15:12:54 GMT" time="3.717" errors="0">
  <testcase name="loginTest" time="0.39" classname="sauceDemoTests.sauceDemoEndtoEnd"/>
  <testcase name="addCartValidation" time="0.193" classname="sauceDemoTests.sauceDemoEndtoEnd"/>
  <testcase name="buyerInfoValidation" time="0.454" classname="sauceDemoTests.sauceDemoEndtoEnd"/>
  <testcase name="completeCheckout" time="0.077" classname="sauceDemoTests.sauceDemoEndtoEnd"/>
</testsuite> <!-- Default test -->
