<?xml version="1.0" encoding="UTF-8"?>
<!-- Generated by org.testng.reporters.JUnitXMLReporter -->
<testsuite hostname="DESKTOP-E69K95O" name="Regression test suite for Release 10.3" tests="16" failures="2" timestamp="12 Jun 2022 16:17:00 GMT" time="31.353" errors="0">
  <testcase name="successfulLogin" time="2.327" classname="sauceDemoTests.loginvalidation"/>
  <testcase name="unsuccessfulLogin" time="2.268" classname="sauceDemoTests.loginvalidation"/>
  <testcase name="standardUserLogin" time="1.462" classname="sauceDemoTests.loginValidationV2"/>
  <testcase name="lockedOutUserLogin" time="2.273" classname="sauceDemoTests.loginValidationV2"/>
  <testcase name="problemUserLogin" time="2.325" classname="sauceDemoTests.loginValidationV2"/>
  <testcase name="performanceGlitchUserLogin" time="7.322" classname="sauceDemoTests.loginValidationV2">
    <failure type="java.lang.AssertionError" message="expected [https://www.saucedemo.com/inventor.html] but found [https://www.saucedemo.com/inventory.html]">
      <![CDATA[java.lang.AssertionError: expected [https://www.saucedemo.com/inventor.html] but found [https://www.saucedemo.com/inventory.html]
	at sauceDemoTests.loginValidationV2.performanceGlitchUserLogin(loginValidationV2.java:126)
... Removed 29 stack frames]]>
    </failure>
  </testcase> <!-- performanceGlitchUserLogin -->
  <testcase name="loginTest" time="0.35" classname="sauceDemoTests.sauceDemoEndtoEnd"/>
  <testcase name="addCartValidation" time="0.197" classname="sauceDemoTests.sauceDemoEndtoEnd"/>
  <testcase name="buyerInfoValidation" time="0.488" classname="sauceDemoTests.sauceDemoEndtoEnd"/>
  <testcase name="completeCheckout" time="0.074" classname="sauceDemoTests.sauceDemoEndtoEnd"/>
  <testcase name="atest" time="0.001" classname="Templates.NGTemplateThree"/>
  <testcase name="btest" time="0.001" classname="Templates.NGTemplateThree">
    <failure type="java.lang.AssertionError" message="expected [xyz1] but found [xyz]">
      <![CDATA[java.lang.AssertionError: expected [xyz1] but found [xyz]
	at Templates.NGTemplateThree.btest(NGTemplateThree.java:59)
... Removed 29 stack frames]]>
    </failure>
  </testcase> <!-- btest -->
  <testcase name="ctest" time="0.001" classname="Templates.NGTemplateThree"/>
  <testcase name="dtest" time="0.001" classname="Templates.NGTemplateThree"/>
  <testcase name="validateLoginElement" time="0.0" classname="Templates.NGTemplateTwo"/>
  <testcase name="validatelogin" time="0.001" classname="Templates.NGTemplateTwo"/>
</testsuite> <!-- Regression test suite for Release 10.3 -->
